[17:25:27] [ServerMain/INFO]: [bootstrap] Running Java 21 (OpenJDK 64-Bit Server VM 21.0.8+9-LTS; Eclipse Adoptium Temurin-21.0.8+9) on Linux 6.8.0-78-generic (amd64)
[17:25:27] [ServerMain/INFO]: [bootstrap] Loading Folia 1.21.8-6-ver/1.21.8@612d9bd (2025-09-30T14:11:15Z) for Minecraft 1.21.8
[17:25:27] [ServerMain/INFO]: [PluginInitializerManager] Initializing plugins...
[17:25:27] [Paper Plugin Remapper Thread - 1/INFO]: [PluginRemapper] Remapping plugin 'plugins/ProCosmetics-2.0.0.jar'...
[17:25:29] [Paper Plugin Remapper Thread - 1/INFO]: [PluginRemapper] Done remapping plugin 'plugins/ProCosmetics-2.0.0.jar' in 1968ms.
[17:25:30] [ServerMain/INFO]: [PluginInitializerManager] Initialized 32 plugins
[17:25:30] [ServerMain/INFO]: [PluginInitializerManager] Paper plugins (1):
 - HuskHomes (4.9.9-539a151)
[17:25:30] [ServerMain/INFO]: [PluginInitializerManager] Bukkit plugins (31):
 - AutoTreeChop (1.6.3-SNAPSHOT), BMEssentials (3.0), BestTools-Folia (2.3.0), BlueMap (5.11), ChatControl (11.5.4), ChestSort-Folia (14.2.0), Chunky (1.4.40), ChunkyBorder (1.2.23), CoreProtect (23.3), DiscordSRV (1.30.1), Drop2InventoryPlus-Folia (4.8.0), GSit (2.4.3), GrimAC (2.3.72-0d40a93a8), HeadDrop (5.4.5), ItemEdit (3.7.4), Lands (7.17.2), LuckPerms (5.5.11), NoteBlockAPI (1.6.4-SNAPSHOT), PlaceholderAPI (2.11.7-DEV-null), ProtocolLib (5.4.0), QuickShop-Hikari (6.2.0.10), SafariNet (1.16.28-SNAPSHOT), SeeMore (1.0.2), TAB-Bridge (6.1.5), Vault (2.16.0), ViaBackwards (5.4.3-SNAPSHOT), ViaVersion (5.5.0-SNAPSHOT), WorldEdit (7.3.17-SNAPSHOT+59e9b0e-Folia), WorldGuard (7.0.15-SNAPSHOT+65bc657), floodgate (2.2.4-SNAPSHOT (b118-40d320a)), mcMMO (2.2.043)
[17:25:33] [ServerMain/INFO]: Environment: Environment[sessionHost=https://sessionserver.mojang.com, servicesHost=https://api.minecraftservices.com, name=PROD]
[17:25:34] [ServerMain/INFO]: Loaded 1407 recipes
[17:25:34] [ServerMain/INFO]: Loaded 1520 advancements
[17:25:34] [ServerMain/INFO]: [ca.spottedleaf.dataconverter.minecraft.datatypes.MCTypeRegistry] Initialising converters for DataConverter...
[17:25:34] [ServerMain/INFO]: [ca.spottedleaf.dataconverter.minecraft.datatypes.MCTypeRegistry] Finished initialising converters for DataConverter in 225.9ms
[17:25:34] [Server thread/INFO]: Starting minecraft server version 1.21.8
[17:25:34] [Server thread/INFO]: Loading properties
[17:25:34] [Server thread/INFO]: This server is running Folia version 1.21.8-6-ver/1.21.8@612d9bd (2025-09-30T14:11:15Z) (Implementing API version 1.21.8-R0.1-SNAPSHOT)
[17:25:34] [Server thread/INFO]: [spark] This server bundles the spark profiler. For more information please visit https://docs.papermc.io/paper/profiling
[17:25:34] [Server thread/INFO]: Server Ping Player Sample Count: 12
[17:25:34] [Server thread/INFO]: Using 4 threads for Netty based IO
[17:25:34] [Server thread/INFO]: [MoonriseCommon] Paper is using 28 worker threads, 28 I/O threads
[17:25:34] [Server thread/INFO]: [ChunkTaskScheduler] Chunk system is using population gen parallelism: true
[17:25:34] [Server thread/INFO]: [io.papermc.paper.threadedregions.TickRegions] Regionised ticking is enabled with 4 tick threads
[17:25:34] [Server thread/INFO]: Default game type: SURVIVAL
[17:25:34] [Server thread/INFO]: Generating keypair
[17:25:34] [Server thread/INFO]: Starting Minecraft server on 0.0.0.0:25566
[17:25:34] [Server thread/INFO]: Using epoll channel type
[17:25:34] [Server thread/INFO]: Paper: Using libdeflate (Linux x86_64) compression from Velocity.
[17:25:34] [Server thread/INFO]: Paper: Using OpenSSL 3.x.x (Linux x86_64) cipher from Velocity.
[17:25:35] [Server thread/INFO]: [SpigotLibraryLoader] [BlueMap] Loading 1 libraries... please wait
[17:25:35] [Server thread/INFO]: [SpigotLibraryLoader] [BlueMap] Loaded library /home/container/libraries/com/flowpowered/flow-math/1.0.3/flow-math-1.0.3.jar
[17:25:35] [Server thread/INFO]: [SpigotLibraryLoader] [Lands] Loading 5 libraries... please wait
[17:25:35] [Server thread/INFO]: [SpigotLibraryLoader] [Lands] Loaded library /home/container/libraries/org/redisson/redisson/3.48.0/redisson-3.48.0.jar
[17:25:35] [Server thread/INFO]: [SpigotLibraryLoader] [Lands] Loaded library /home/container/libraries/io/netty/netty-common/4.1.121.Final/netty-common-4.1.121.Final.jar
[17:25:35] [Server thread/INFO]: [SpigotLibraryLoader] [Lands] Loaded library /home/container/libraries/io/netty/netty-codec/4.1.121.Final/netty-codec-4.1.121.Final.jar
[17:25:35] [Server thread/INFO]: [SpigotLibraryLoader] [Lands] Loaded library /home/container/libraries/io/netty/netty-buffer/4.1.121.Final/netty-buffer-4.1.121.Final.jar
[17:25:35] [Server thread/INFO]: [SpigotLibraryLoader] [Lands] Loaded library /home/container/libraries/io/netty/netty-transport/4.1.121.Final/netty-transport-4.1.121.Final.jar
[17:25:35] [Server thread/INFO]: [SpigotLibraryLoader] [Lands] Loaded library /home/container/libraries/io/netty/netty-resolver/4.1.121.Final/netty-resolver-4.1.121.Final.jar
[17:25:35] [Server thread/INFO]: [SpigotLibraryLoader] [Lands] Loaded library /home/container/libraries/io/netty/netty-resolver-dns/4.1.121.Final/netty-resolver-dns-4.1.121.Final.jar
[17:25:35] [Server thread/INFO]: [SpigotLibraryLoader] [Lands] Loaded library /home/container/libraries/io/netty/netty-codec-dns/4.1.121.Final/netty-codec-dns-4.1.121.Final.jar
[17:25:35] [Server thread/INFO]: [SpigotLibraryLoader] [Lands] Loaded library /home/container/libraries/io/netty/netty-handler/4.1.121.Final/netty-handler-4.1.121.Final.jar
[17:25:35] [Server thread/INFO]: [SpigotLibraryLoader] [Lands] Loaded library /home/container/libraries/io/netty/netty-transport-native-unix-common/4.1.121.Final/netty-transport-native-unix-common-4.1.121.Final.jar
[17:25:35] [Server thread/INFO]: [SpigotLibraryLoader] [Lands] Loaded library /home/container/libraries/javax/cache/cache-api/1.1.1/cache-api-1.1.1.jar
[17:25:35] [Server thread/INFO]: [SpigotLibraryLoader] [Lands] Loaded library /home/container/libraries/io/projectreactor/reactor-core/3.6.2/reactor-core-3.6.2.jar
[17:25:35] [Server thread/INFO]: [SpigotLibraryLoader] [Lands] Loaded library /home/container/libraries/org/reactivestreams/reactive-streams/1.0.4/reactive-streams-1.0.4.jar
[17:25:35] [Server thread/INFO]: [SpigotLibraryLoader] [Lands] Loaded library /home/container/libraries/io/reactivex/rxjava3/rxjava/3.1.8/rxjava-3.1.8.jar
[17:25:35] [Server thread/INFO]: [SpigotLibraryLoader] [Lands] Loaded library /home/container/libraries/com/esotericsoftware/kryo/5.6.2/kryo-5.6.2.jar
[17:25:35] [Server thread/INFO]: [SpigotLibraryLoader] [Lands] Loaded library /home/container/libraries/com/esotericsoftware/reflectasm/1.11.9/reflectasm-1.11.9.jar
[17:25:35] [Server thread/INFO]: [SpigotLibraryLoader] [Lands] Loaded library /home/container/libraries/org/objenesis/objenesis/3.4/objenesis-3.4.jar
[17:25:35] [Server thread/INFO]: [SpigotLibraryLoader] [Lands] Loaded library /home/container/libraries/com/esotericsoftware/minlog/1.3.1/minlog-1.3.1.jar
[17:25:35] [Server thread/INFO]: [SpigotLibraryLoader] [Lands] Loaded library /home/container/libraries/com/fasterxml/jackson/core/jackson-annotations/2.18.2/jackson-annotations-2.18.2.jar
[17:25:35] [Server thread/INFO]: [SpigotLibraryLoader] [Lands] Loaded library /home/container/libraries/com/fasterxml/jackson/dataformat/jackson-dataformat-yaml/2.18.2/jackson-dataformat-yaml-2.18.2.jar
[17:25:35] [Server thread/INFO]: [SpigotLibraryLoader] [Lands] Loaded library /home/container/libraries/org/yaml/snakeyaml/2.3/snakeyaml-2.3.jar
[17:25:35] [Server thread/INFO]: [SpigotLibraryLoader] [Lands] Loaded library /home/container/libraries/com/fasterxml/jackson/core/jackson-core/2.18.2/jackson-core-2.18.2.jar
[17:25:35] [Server thread/INFO]: [SpigotLibraryLoader] [Lands] Loaded library /home/container/libraries/com/fasterxml/jackson/core/jackson-databind/2.18.2/jackson-databind-2.18.2.jar
[17:25:35] [Server thread/INFO]: [SpigotLibraryLoader] [Lands] Loaded library /home/container/libraries/com/fasterxml/jackson/datatype/jackson-datatype-jsr310/2.18.2/jackson-datatype-jsr310-2.18.2.jar
[17:25:35] [Server thread/INFO]: [SpigotLibraryLoader] [Lands] Loaded library /home/container/libraries/net/bytebuddy/byte-buddy/1.15.3/byte-buddy-1.15.3.jar
[17:25:35] [Server thread/INFO]: [SpigotLibraryLoader] [Lands] Loaded library /home/container/libraries/org/jodd/jodd-util/6.3.0/jodd-util-6.3.0.jar
[17:25:35] [Server thread/INFO]: [SpigotLibraryLoader] [Lands] Loaded library /home/container/libraries/org/apache/commons/commons-lang3/3.17.0/commons-lang3-3.17.0.jar
[17:25:35] [Server thread/INFO]: [SpigotLibraryLoader] [Lands] Loaded library /home/container/libraries/com/zaxxer/HikariCP/4.0.3/HikariCP-4.0.3.jar
[17:25:35] [Server thread/INFO]: [SpigotLibraryLoader] [Lands] Loaded library /home/container/libraries/org/slf4j/slf4j-jdk14/1.7.32/slf4j-jdk14-1.7.32.jar
[17:25:35] [Server thread/INFO]: [SpigotLibraryLoader] [Lands] Loaded library /home/container/libraries/org/slf4j/slf4j-api/1.7.32/slf4j-api-1.7.32.jar
[17:25:35] [Server thread/INFO]: [SpigotLibraryLoader] [HeadDrop] Loading 2 libraries... please wait
[17:25:35] [Server thread/INFO]: [SpigotLibraryLoader] [HeadDrop] Loaded library /home/container/libraries/com/zaxxer/HikariCP/6.3.0/HikariCP-6.3.0.jar
[17:25:35] [Server thread/INFO]: [SpigotLibraryLoader] [HeadDrop] Loaded library /home/container/libraries/org/slf4j/slf4j-api/1.7.36/slf4j-api-1.7.36.jar
[17:25:35] [Server thread/INFO]: [SpigotLibraryLoader] [HeadDrop] Loaded library /home/container/libraries/org/json/json/20250517/json-20250517.jar
[17:25:35] [Server thread/INFO]: [SpigotLibraryLoader] [ItemEdit] Loading 5 libraries... please wait
[17:25:35] [Server thread/INFO]: [SpigotLibraryLoader] [ItemEdit] Loaded library /home/container/libraries/net/kyori/adventure-api/4.20.0/adventure-api-4.20.0.jar
[17:25:35] [Server thread/INFO]: [SpigotLibraryLoader] [ItemEdit] Loaded library /home/container/libraries/net/kyori/adventure-key/4.20.0/adventure-key-4.20.0.jar
[17:25:35] [Server thread/INFO]: [SpigotLibraryLoader] [ItemEdit] Loaded library /home/container/libraries/net/kyori/examination-api/1.3.0/examination-api-1.3.0.jar
[17:25:35] [Server thread/INFO]: [SpigotLibraryLoader] [ItemEdit] Loaded library /home/container/libraries/net/kyori/examination-string/1.3.0/examination-string-1.3.0.jar
[17:25:35] [Server thread/INFO]: [SpigotLibraryLoader] [ItemEdit] Loaded library /home/container/libraries/org/jetbrains/annotations/26.0.2/annotations-26.0.2.jar
[17:25:35] [Server thread/INFO]: [SpigotLibraryLoader] [ItemEdit] Loaded library /home/container/libraries/net/kyori/adventure-platform-bukkit/4.3.4/adventure-platform-bukkit-4.3.4.jar
[17:25:35] [Server thread/INFO]: [SpigotLibraryLoader] [ItemEdit] Loaded library /home/container/libraries/net/kyori/adventure-platform-api/4.3.4/adventure-platform-api-4.3.4.jar
[17:25:35] [Server thread/INFO]: [SpigotLibraryLoader] [ItemEdit] Loaded library /home/container/libraries/net/kyori/adventure-text-serializer-bungeecord/4.3.4/adventure-text-serializer-bungeecord-4.3.4.jar
[17:25:35] [Server thread/INFO]: [SpigotLibraryLoader] [ItemEdit] Loaded library /home/container/libraries/net/kyori/adventure-nbt/4.13.1/adventure-nbt-4.13.1.jar
[17:25:35] [Server thread/INFO]: [SpigotLibraryLoader] [ItemEdit] Loaded library /home/container/libraries/net/kyori/adventure-text-serializer-gson-legacy-impl/4.13.1/adventure-text-serializer-gson-legacy-impl-4.13.1.jar
[17:25:35] [Server thread/INFO]: [SpigotLibraryLoader] [ItemEdit] Loaded library /home/container/libraries/net/kyori/adventure-platform-facet/4.3.4/adventure-platform-facet-4.3.4.jar
[17:25:35] [Server thread/INFO]: [SpigotLibraryLoader] [ItemEdit] Loaded library /home/container/libraries/net/kyori/adventure-platform-viaversion/4.3.4/adventure-platform-viaversion-4.3.4.jar
[17:25:35] [Server thread/INFO]: [SpigotLibraryLoader] [ItemEdit] Loaded library /home/container/libraries/net/kyori/adventure-text-minimessage/4.20.0/adventure-text-minimessage-4.20.0.jar
[17:25:35] [Server thread/INFO]: [SpigotLibraryLoader] [ItemEdit] Loaded library /home/container/libraries/net/kyori/adventure-text-serializer-gson/4.20.0/adventure-text-serializer-gson-4.20.0.jar
[17:25:35] [Server thread/INFO]: [SpigotLibraryLoader] [ItemEdit] Loaded library /home/container/libraries/net/kyori/adventure-text-serializer-json/4.20.0/adventure-text-serializer-json-4.20.0.jar
[17:25:35] [Server thread/INFO]: [SpigotLibraryLoader] [ItemEdit] Loaded library /home/container/libraries/net/kyori/option/1.1.0/option-1.1.0.jar
[17:25:35] [Server thread/INFO]: [SpigotLibraryLoader] [ItemEdit] Loaded library /home/container/libraries/org/jspecify/jspecify/1.0.0/jspecify-1.0.0.jar
[17:25:35] [Server thread/INFO]: [SpigotLibraryLoader] [ItemEdit] Loaded library /home/container/libraries/com/google/code/gson/gson/2.8.0/gson-2.8.0.jar
[17:25:35] [Server thread/INFO]: [SpigotLibraryLoader] [ItemEdit] Loaded library /home/container/libraries/com/google/auto/service/auto-service-annotations/1.1.1/auto-service-annotations-1.1.1.jar
[17:25:35] [Server thread/INFO]: [SpigotLibraryLoader] [ItemEdit] Loaded library /home/container/libraries/net/kyori/adventure-text-serializer-commons/4.20.0/adventure-text-serializer-commons-4.20.0.jar
[17:25:35] [Server thread/INFO]: [SpigotLibraryLoader] [ItemEdit] Loaded library /home/container/libraries/net/kyori/adventure-text-serializer-legacy/4.20.0/adventure-text-serializer-legacy-4.20.0.jar
[17:25:35] [Server thread/INFO]: [ViaVersion] Loading server plugin ViaVersion v5.5.0-SNAPSHOT
[17:25:35] [Server thread/INFO]: [ViaVersion] ViaVersion 5.5.0-SNAPSHOT is now loaded. Registering protocol transformers and injecting...
[17:25:36] [Via-Mappingloader-0/INFO]: [ViaVersion] Loading block connection mappings ...
[17:25:36] [Via-Mappingloader-0/INFO]: [ViaVersion] Using FastUtil Long2ObjectOpenHashMap for block connections
[17:25:36] [Server thread/INFO]: [ViaBackwards] Loading translations...
[17:25:36] [Server thread/INFO]: [ViaBackwards] Registering protocols...
[17:25:36] [Server thread/INFO]: [PlaceholderAPI] Loading server plugin PlaceholderAPI v2.11.7-DEV-null
[17:25:36] [Server thread/INFO]: [LuckPerms] Loading server plugin LuckPerms v5.5.11
[17:25:36] [Server thread/INFO]: [LuckPerms] Loading configuration...
[17:25:36] [Server thread/INFO]: [Vault] Loading server plugin Vault v2.16.0
[17:25:36] [Server thread/INFO]: [WorldEdit] Loading server plugin WorldEdit v7.3.17-SNAPSHOT+59e9b0e-Folia
[17:25:37] [Server thread/INFO]: Got request to register class com.sk89q.worldedit.bukkit.BukkitServerInterface with WorldEdit [com.sk89q.worldedit.extension.platform.PlatformManager@1671b391]
[17:25:37] [Server thread/INFO]: [BlueMap] Loading server plugin BlueMap v5.11
[17:25:37] [Server thread/INFO]: [ProtocolLib] Loading server plugin ProtocolLib v5.4.0
[17:25:37] [Server thread/INFO]: [WorldGuard] Loading server plugin WorldGuard v7.0.15-SNAPSHOT+65bc657
[17:25:37] [Server thread/INFO]: [HuskHomes] Loading server plugin HuskHomes v4.9.9-539a151
[17:25:37] [Server thread/INFO]: [HuskHomes] Registered 'on_load' hooks
[17:25:37] [Server thread/INFO]: [HuskHomes] Successfully loaded HuskHomes v4.9.9-539a151
[17:25:37] [Server thread/INFO]: [mcMMO] Loading server plugin mcMMO v2.2.043
[17:25:37] [Server thread/INFO]: [mcMMO] [D] Registered WG flags successfully!
[17:25:37] [Server thread/INFO]: [QuickShop-Hikari] Loading server plugin QuickShop-Hikari v6.2.0.10
[17:25:37] [Server thread/INFO]: [QuickShop-Hikari/Bootstrap] QuickShop-Hikari - Bootstrap -> Execute the initialization sequence
[17:25:37] [Server thread/INFO]: [QuickShop-Hikari/Bootstrap] Bootloader preparing for startup, please wait...
[17:25:37] [Server thread/INFO]: [QuickShop-Hikari/Bootstrap] Initializing libraries...
[17:25:38] [Server thread/INFO]: [QuickShop-Hikari] Maven repository mirror test result:
[17:25:38] [Server thread/INFO]: [QuickShop-Hikari] [US] APACHE: 235ms
[17:25:38] [Server thread/INFO]: [QuickShop-Hikari] [US] CENTRAL: 281ms
[17:25:38] [Server thread/INFO]: [QuickShop-Hikari] [CN] TENCENT: 282ms
[17:25:38] [Server thread/INFO]: [QuickShop-Hikari] [CN] ALIYUN: 625ms
[17:25:38] [Server thread/INFO]: [QuickShop-Hikari] [CN] HUAWEI: 1005ms
[17:25:38] [Server thread/INFO]: [QuickShop-Hikari/Bootstrap] Loading 12 libraries (0 skipped libraries)...
[17:25:38] [Server thread/INFO]: [QuickShop-Hikari/Bootstrap] Loading library org.apache.commons:commons-lang3:3.14.0 [1/12]
[17:25:38] [Server thread/ERROR]: [STDERR] [org.slf4j.helpers.Util] SLF4J: Failed to load class "org.slf4j.impl.StaticLoggerBinder".
[17:25:38] [Server thread/ERROR]: [STDERR] [org.slf4j.helpers.Util] SLF4J: Defaulting to no-operation (NOP) logger implementation
[17:25:38] [Server thread/ERROR]: [STDERR] [org.slf4j.helpers.Util] SLF4J: See http://www.slf4j.org/codes.html#StaticLoggerBinder for further details.
[17:25:38] [Server thread/INFO]: [QuickShop-Hikari/Bootstrap] Loading library org.apache.commons:commons-compress:1.25.0 [2/12]
[17:25:38] [Server thread/INFO]: [QuickShop-Hikari/Bootstrap] Loading library com.google.code.gson:gson:2.10.1 [3/12]
[17:25:38] [Server thread/INFO]: [QuickShop-Hikari/Bootstrap] Loading library com.google.guava:guava:33.1.0-jre [4/12]
[17:25:38] [Server thread/INFO]: [QuickShop-Hikari/Bootstrap] Loading library com.rollbar:rollbar-java:1.9.0 [5/12]
[17:25:38] [Server thread/INFO]: [QuickShop-Hikari/Bootstrap] Loading library cc.carm.lib:easysql-hikaricp:0.4.7 [6/12]
[17:25:38] [Server thread/INFO]: [QuickShop-Hikari/Bootstrap] Loading library com.h2database:h2:2.1.214 [7/12]
[17:25:38] [Server thread/INFO]: [QuickShop-Hikari/Bootstrap] Loading library com.konghq:unirest-java:3.14.5 [8/12]
[17:25:38] [Server thread/INFO]: [QuickShop-Hikari/Bootstrap] Loading library net.sourceforge.csvjdbc:csvjdbc:1.0.42 [9/12]
[17:25:38] [Server thread/INFO]: [QuickShop-Hikari/Bootstrap] Loading library org.dom4j:dom4j:2.1.4 [10/12]
[17:25:38] [Server thread/INFO]: [QuickShop-Hikari/Bootstrap] Loading library com.vdurmont:semver4j:3.1.0 [11/12]
[17:25:38] [Server thread/INFO]: [QuickShop-Hikari/Bootstrap] Loading library com.ghostchu.crowdin:crowdinota:1.0.3 [12/12]
[17:25:38] [Server thread/INFO]: [QuickShop-Hikari/Bootstrap] Initialing Unirest...
[17:25:38] [Server thread/INFO]: [QuickShop-Hikari/Bootstrap] Initializing platform...
[17:25:38] [Server thread/INFO]: [QuickShop-Hikari/Bootstrap] Platform detected: Paper
[17:25:38] [Server thread/INFO]: [QuickShop-Hikari] Slf4jLogger initialized
[17:25:38] [Server thread/INFO]: [QuickShop-Hikari/Bootstrap] Platform initialized: com.ghostchu.quickshop.platform.paper.PaperPlatform
[17:25:38] [Server thread/INFO]: [QuickShop-Hikari/Bootstrap] Boot QuickShop instance...
[17:25:38] [Server thread/INFO]: [QuickShop-Hikari/Bootstrap] Creating QuickShop instance...
[17:25:38] [Server thread/INFO]: [QuickShop-Hikari] Registering Bukkit Service: com.ghostchu.quickshop.api.QuickShopProvider
[17:25:38] [Server thread/INFO]: [QuickShop-Hikari] QuickShop Hikari - Early boot step - Booting up
[17:25:38] [Server thread/INFO]: [QuickShop-Hikari] Self testing...
[17:25:38] [Server thread/INFO]: [QuickShop-Hikari] Reading the configuration...
[17:25:38] [Server thread/INFO]: [QuickShop-Hikari] [ConfigUpdater] Saving configuration changes...
[17:25:38] [Server thread/INFO]: [QuickShop-Hikari] Setting up privacy controller...
[17:25:38] [Server thread/INFO]: [QuickShop-Hikari] Setting up QuickShop registry....
[17:25:38] [Server thread/INFO]: [QuickShop-Hikari] Setting up metrics manager...
[17:25:38] [Server thread/INFO]: [QuickShop-Hikari] Loading player name and unique id mapping...
[17:25:38] [Server thread/INFO]: [QuickShop-Hikari] Loading translations (This may take a while)...
[17:25:38] [Server thread/INFO]: [QuickShop-Hikari] Please wait us fetch the translation updates from Crowdin OTA service...
[17:25:38] [Server thread/INFO]: [CrowdinOTA] Downloading Crowdin distribution manifest from remote server...
[17:25:39] [Server thread/INFO]: [OTAFileInstance-0] Downloading translations for 0 locales...
[17:25:39] [Server thread/INFO]: [OTAFileInstance-1] Downloading translations for 0 locales...
[17:25:39] [Server thread/INFO]: [QuickShop-Hikari] Loading up translations from Crowdin OTA, this may need a while...
[17:25:39] [Server thread/INFO]: [QuickShop-Hikari] Loading up translations from Crowdin OTA, this may need a while...
[17:25:40] [Server thread/INFO]: [QuickShop-Hikari] Register InventoryWrapper...
[17:25:40] [Server thread/INFO]: [QuickShop-Hikari] Initializing NexusManager...
[17:25:40] [Server thread/INFO]: [QuickShop-Hikari] QuickShop Hikari - Early boot step - Complete
[17:25:40] [Server thread/INFO]: [QuickShop-Hikari/Bootstrap] QuickShop-Hikari - Bootstrap -> Complete (2681ms). Waiting for enable...
[17:25:40] [Server thread/INFO]: [CoreProtect] Loading server plugin CoreProtect v23.3
[17:25:40] [Server thread/INFO]: [floodgate] Loading server plugin floodgate v2.2.4-SNAPSHOT (b118-40d320a)
[17:25:40] [Server thread/INFO]: [floodgate] Took 350ms to boot Floodgate
[17:25:40] [Server thread/INFO]: [BMEssentials] Loading server plugin BMEssentials v3.0
[17:25:40] [Server thread/INFO]: [Drop2InventoryPlus] Loading server plugin Drop2InventoryPlus-Folia v4.8.0
[17:25:40] [Server thread/INFO]: [Lands] Loading server plugin Lands v7.17.2
[17:25:40] [Server thread/WARN]: [me.angeschossen.lands.ztTjN.RLHXh] [Wars] Invalid sound option: BLOCK_BELL_USE Option: sounds.capture.place_sound - You can find the correct sound names by using the /playsound command ingame. This is not a plugin issue. You need to edit the file wars.yml.
[17:25:40] [Server thread/WARN]: [me.angeschossen.lands.ztTjN.RLHXh] [Wars] Invalid sound option: BLOCK_BELL_USE Option: sounds.capture.place_sound - You can find the correct sound names by using the /playsound command ingame. This is not a plugin issue. You need to edit the file wars.yml.
[17:25:40] [Server thread/INFO]: [Lands] Using default item currency for economy. You can edit the currency item for each locale in the corresponding GUI language files. Strict mode: false
[17:25:40] [Server thread/WARN]: [Lands] [GUI] Invalid sound option: entity_villager_no Option: failure - You can find the correct sound names by using the /playsound command ingame. This is not a plugin issue. You need to edit the file en-US_gui.yml.
[17:25:40] [Server thread/WARN]: [Lands] [GUI] Invalid sound option: entity_player_levelup Option: success - You can find the correct sound names by using the /playsound command ingame. This is not a plugin issue. You need to edit the file en-US_gui.yml.
[17:25:40] [Server thread/INFO]: Environment: Environment[sessionHost=https://sessionserver.mojang.com, servicesHost=https://api.minecraftservices.com, name=PROD]
[17:25:40] [Server thread/WARN]: [Lands] [GUI] Invalid sound option: ENTITY_PLAYER_LEVELUP Option: confirm - You can find the correct sound names by using the /playsound command ingame. This is not a plugin issue. You need to edit the file en-US_gui.yml.
[17:25:40] [Server thread/WARN]: [Lands] [GUI] Invalid sound option: BLOCK_ANVIL_HIT Option: cancel - You can find the correct sound names by using the /playsound command ingame. This is not a plugin issue. You need to edit the file en-US_gui.yml.
[17:25:41] [Server thread/WARN]: [Lands] [GUI] Invalid sound option: entity_villager_no Option: failure - You can find the correct sound names by using the /playsound command ingame. This is not a plugin issue. You need to edit the file en-US_gui.yml.
[17:25:41] [Server thread/WARN]: [Lands] [GUI] Invalid sound option: entity_player_levelup Option: success - You can find the correct sound names by using the /playsound command ingame. This is not a plugin issue. You need to edit the file en-US_gui.yml.
[17:25:41] [Server thread/WARN]: [Lands] [GUI] Invalid sound option: ENTITY_PLAYER_LEVELUP Option: confirm - You can find the correct sound names by using the /playsound command ingame. This is not a plugin issue. You need to edit the file en-US_gui.yml.
[17:25:41] [Server thread/WARN]: [Lands] [GUI] Invalid sound option: BLOCK_ANVIL_HIT Option: cancel - You can find the correct sound names by using the /playsound command ingame. This is not a plugin issue. You need to edit the file en-US_gui.yml.
[17:25:41] [Server thread/INFO]: [Lands] Using SQLite: /home/container/plugins/Lands/Data
[17:25:41] [Server thread/INFO]: [com.zaxxer.hikari.HikariDataSource] ConnectionPool - Starting...
[17:25:41] [Server thread/INFO]: [com.zaxxer.hikari.HikariDataSource] ConnectionPool - Start completed.
[17:25:41] [Server thread/INFO]: [Lands] Successfully connected to SQL database.
[17:25:41] [Server thread/INFO]: [Lands] Setting up tables...
[17:25:41] [Server thread/INFO]: [Lands] Your SQL DBMS version: 3.49.1 (SQLite) Wiki: https://wiki.incredibleplugins.com/lands/configuration/database
[17:25:41] [Server thread/INFO]: [Lands] Successfully connected to SQL database.
[17:25:41] [Server thread/INFO]: [Lands] Added flag 'lands-claim' to the plugin WorldGuard.
[17:25:41] [Server thread/INFO]: [Chunky] Loading server plugin Chunky v1.4.40
[17:25:41] [Server thread/INFO]: [DiscordSRV] Loading server plugin DiscordSRV v1.30.1
[17:25:41] [Server thread/INFO]: [ViaBackwards] Loading server plugin ViaBackwards v5.4.3-SNAPSHOT
[17:25:41] [Server thread/INFO]: [BestTools] Loading server plugin BestTools-Folia v2.3.0
[17:25:41] [Server thread/INFO]: [TAB-Bridge] Loading server plugin TAB-Bridge v6.1.5
[17:25:41] [Server thread/INFO]: [SeeMore] Loading server plugin SeeMore v1.0.2
[17:25:41] [Server thread/INFO]: [AutoTreeChop] Loading server plugin AutoTreeChop v1.6.3-SNAPSHOT
[17:25:41] [Server thread/INFO]: [HeadDrop] Loading server plugin HeadDrop v5.4.5
[17:25:41] [Server thread/INFO]: [com.zaxxer.hikari.HikariDataSource] HikariPool-1 - Starting...
[17:25:41] [Server thread/INFO]: [com.zaxxer.hikari.pool.HikariPool] HikariPool-1 - Added connection org.sqlite.jdbc4.JDBC4Connection@1621113b
[17:25:41] [Server thread/INFO]: [com.zaxxer.hikari.HikariDataSource] HikariPool-1 - Start completed.
[17:25:41] [Server thread/INFO]: [HeadDrop] [STDOUT] Cleaned up 0 rows older than 30 days.
[17:25:41] [Server thread/WARN]: Nag author(s): '[RRS]' of 'HeadDrop v5.4.5' about their usage of System.out/err.print. Please use your plugin's logger instead (JavaPlugin#getLogger).
[17:25:41] [Server thread/INFO]: [HeadDrop] Hooked into WorldGuard!
[17:25:41] [Server thread/INFO]: [SafariNet] Loading server plugin SafariNet v1.16.28-SNAPSHOT
[17:25:41] [Server thread/INFO]: [ChestSort] Loading server plugin ChestSort-Folia v14.2.0
[17:25:41] [Server thread/INFO]: [ChunkyBorder] Loading server plugin ChunkyBorder v1.2.23
[17:25:41] [Server thread/INFO]: [ItemEdit] Loading server plugin ItemEdit v3.7.4
[17:25:41] [Server thread/INFO]: [ChatControl] Loading server plugin ChatControl v11.5.4
[17:25:41] [Server thread/INFO]: [GSit] Loading server plugin GSit v2.4.3
[17:25:41] [Server thread/INFO]: [NoteBlockAPI] Loading server plugin NoteBlockAPI v1.6.4-SNAPSHOT
[17:25:41] [Server thread/INFO]: [GrimAC] Loading server plugin GrimAC v2.3.72-0d40a93a8
[17:25:41] [Server thread/INFO]: [GrimAC] Loading PacketEvents...
[17:25:42] [Server thread/INFO]: Server permissions file permissions.yml is empty, ignoring it
[17:25:42] [Server thread/INFO]: [LuckPerms] Enabling LuckPerms v5.5.11
[17:25:42] [Server thread/INFO]:         __    
[17:25:42] [Server thread/INFO]:   |    |__)   LuckPerms v5.5.11
[17:25:42] [Server thread/INFO]:   |___ |      Running on Bukkit - Folia
[17:25:42] [Server thread/INFO]: 
[17:25:42] [Server thread/INFO]: [LuckPerms] Loading storage provider... [MARIADB]
[17:25:42] [Server thread/INFO]: [me.lucko.luckperms.lib.hikari.HikariDataSource] luckperms-hikari - Starting...
[17:25:42] [Server thread/INFO]: [me.lucko.luckperms.lib.hikari.HikariDataSource] luckperms-hikari - Start completed.
[17:25:42] [Server thread/INFO]: [LuckPerms] Loading messaging service... [SQL]
[17:25:43] [Server thread/INFO]: [LuckPerms] Loading internal permission managers...
[17:25:43] [Server thread/INFO]: [LuckPerms] Performing initial data load...
[17:25:43] [Server thread/INFO]: [LuckPerms] Successfully enabled. (took 896ms)
[17:25:43] [Server thread/INFO]: [Vault] Enabling Vault v2.16.0
[17:25:43] [Server thread/INFO]: [Vault] Enabled Version 2.16.0
[17:25:43] [Server thread/INFO]: [LuckPerms] Registered Vault permission & chat hook.
[17:25:43] [Server thread/INFO]: [WorldEdit] Enabling WorldEdit v7.3.17-SNAPSHOT+59e9b0e-Folia
[17:25:43] [Server thread/INFO]: Registering commands with com.sk89q.worldedit.bukkit.BukkitServerInterface
[17:25:43] [Server thread/INFO]: WEPIF: Vault detected! Using Vault for permissions
[17:25:43] [Server thread/INFO]: Using com.sk89q.worldedit.bukkit.adapter.impl.v1_21_6.PaperweightAdapter as the Bukkit adapter
[17:25:43] [Server thread/INFO]: [ProtocolLib] Enabling ProtocolLib v5.4.0
[17:25:43] [Server thread/WARN]: **** SERVER IS RUNNING IN OFFLINE/INSECURE MODE!
[17:25:43] [Server thread/WARN]: The server will make no attempt to authenticate usernames. Beware.
[17:25:43] [Server thread/WARN]: Whilst this makes it possible to use Velocity, unless access to your server is properly restricted, it also opens up the ability for hackers to connect with any username they choose.
[17:25:43] [Server thread/WARN]: Please see https://docs.papermc.io/velocity/security for further information.
[17:25:43] [Server thread/WARN]: To change this, set "online-mode" to "true" in the server.properties file.
[17:25:43] [Server thread/INFO]: Preparing level "world"
[17:25:44] [Server thread/INFO]: Preparing start region for dimension minecraft:overworld
[17:25:44] [Server thread/INFO]: Time elapsed: 2 ms
[17:25:44] [Server thread/INFO]: Preparing start region for dimension minecraft:the_nether
[17:25:44] [Server thread/INFO]: Time elapsed: 0 ms
[17:25:44] [Server thread/INFO]: Preparing start region for dimension minecraft:the_end
[17:25:44] [Server thread/INFO]: Time elapsed: 0 ms
[17:25:44] [Server thread/INFO]: [ViaVersion] Enabling ViaVersion v5.5.0-SNAPSHOT
[17:25:44] [Server thread/INFO]: [PlaceholderAPI] Enabling PlaceholderAPI v2.11.7-DEV-null
[17:25:44] [Server thread/INFO]: [PlaceholderAPI] Fetching available expansion information...
[17:25:44] [Server thread/INFO]: [PlaceholderAPI] Successfully registered internal expansion: vaultunlocked [2.13.1]
[17:25:44] [Server thread/INFO]: [BlueMap] Enabling BlueMap v5.11
[17:25:44] [Server thread/INFO]: [BlueMap] Folia detected, enabling folia-support mode.
[17:25:44] [BlueMap-Load/INFO]: [BlueMap] Loading...
[17:25:44] [Server thread/INFO]: [WorldGuard] Enabling WorldGuard v7.0.15-SNAPSHOT+65bc657
[17:25:44] [Server thread/INFO]: [WorldGuard] (world) TNT ignition is PERMITTED.
[17:25:44] [Server thread/INFO]: [WorldGuard] (world) Lighters are PERMITTED.
[17:25:44] [Server thread/INFO]: [WorldGuard] (world) Lava fire is PERMITTED.
[17:25:44] [Server thread/INFO]: [WorldGuard] (world) Fire spread is UNRESTRICTED.
[17:25:44] [Server thread/INFO]: [WorldGuard] Loaded configuration for world 'world'
[17:25:44] [Server thread/INFO]: [WorldGuard] (world_nether) TNT ignition is PERMITTED.
[17:25:44] [Server thread/INFO]: [WorldGuard] (world_nether) Lighters are PERMITTED.
[17:25:44] [Server thread/INFO]: [WorldGuard] (world_nether) Lava fire is PERMITTED.
[17:25:44] [Server thread/INFO]: [WorldGuard] (world_nether) Fire spread is UNRESTRICTED.
[17:25:44] [Server thread/INFO]: [WorldGuard] Loaded configuration for world 'world_nether'
[17:25:44] [Server thread/INFO]: [WorldGuard] (world_the_end) TNT ignition is PERMITTED.
[17:25:44] [Server thread/INFO]: [WorldGuard] (world_the_end) Lighters are PERMITTED.
[17:25:44] [Server thread/INFO]: [WorldGuard] (world_the_end) Lava fire is PERMITTED.
[17:25:44] [Server thread/INFO]: [WorldGuard] (world_the_end) Fire spread is UNRESTRICTED.
[17:25:44] [Server thread/INFO]: [WorldGuard] Loaded configuration for world 'world_the_end'
[17:25:44] [Server thread/INFO]: [WorldGuard] Loading region data...
[17:25:44] [Server thread/INFO]: [HuskHomes] Enabling HuskHomes v4.9.9-539a151
[17:25:44] [Server thread/INFO]: [PlaceholderAPI] Successfully registered internal expansion: huskhomes [4.9.9]
[17:25:44] [Server thread/INFO]: [HuskHomes] Registered 'on_enable' hooks
[17:25:44] [Server thread/INFO]: [HuskHomes] Successfully enabled HuskHomes v4.9.9-539a151
[17:25:44] [Server thread/INFO]: [mcMMO] Enabling mcMMO v2.2.043
[17:25:44] [BlueMap-Load/INFO]: [BlueMap] Loading resources...
[17:25:44] [Server thread/INFO]: [mcMMO] Loaded 220 of 220 Alchemy potions.
[17:25:45] [Server thread/INFO]: [PlaceholderAPI] Successfully registered internal expansion: mcmmo [1.0,0]
[17:25:45] [Server thread/INFO]: [QuickShop-Hikari] Enabling QuickShop-Hikari v6.2.0.10
[17:25:45] [Server thread/INFO]: [QuickShop-Hikari/Bootstrap] QuickShop-Hikari - Bootstrap -> Execute the enable sequence
[17:25:45] [Server thread/INFO]: [QuickShop-Hikari] QuickShop Hikari
[17:25:45] [Server thread/INFO]: [QuickShop-Hikari] Registering Bukkit Service: com.ghostchu.quickshop.api.QuickShopProvider
[17:25:45] [Server thread/INFO]: [QuickShop-Hikari] Starting plugin self-test, please wait...
[17:25:45] [Server thread/INFO]: [QuickShop-Hikari] [OK] Spigot Based Server Test
[17:25:45] [Server thread/INFO]: [QuickShop-Hikari] [OK] Old QuickShop Test
[17:25:45] [Server thread/INFO]: [QuickShop-Hikari] [OK] ModdedServer Based Test
[17:25:45] [Server thread/INFO]: [QuickShop-Hikari] [OK] ModdedServer Database Driver Test
[17:25:45] [Server thread/INFO]: [QuickShop-Hikari] [OK] CoreSupport Test
[17:25:45] [Server thread/INFO]: [QuickShop-Hikari] [OK] Virtual DisplayItem Support Test
[17:25:45] [Server thread/INFO]: [QuickShop-Hikari] [OK] ProtocolLib Incorrect Locate Test
[17:25:45] [Server thread/INFO]: [QuickShop-Hikari] [OK] GameVersion supporting Test
[17:25:45] [Server thread/INFO]: [QuickShop-Hikari] [OK] Permission Manager Test
[17:25:45] [Server thread/INFO]: [QuickShop-Hikari] [OK] PacketListenerAPI Conflict Test
[17:25:45] [Server thread/INFO]: [QuickShop-Hikari] [OK] Reremake Test
[17:25:45] [Server thread/INFO]: [QuickShop-Hikari] [OK] EcoEnchants V11 Check
[17:25:45] [Server thread/INFO]: [QuickShop-Hikari] [OK] End of life Test
[17:25:45] [Server thread/INFO]: [QuickShop-Hikari] Reading the configuration...
[17:25:45] [Server thread/INFO]: [QuickShop-Hikari] [ConfigUpdater] Saving configuration changes...
[17:25:45] [Server thread/INFO]: [QuickShop-Hikari] Contributors: Ghost_chu, PotatoCraft Studio, Netherfoam, Timtower, KaiNoMood (KaiKikuchi), sandtechnology, jho5245, cakoyo, Andre601, Ectabro, Chris6ix, portlek, log4b0at, deadman96385, tiararinne, DoctaEnkoda, CarmJos, YuanYuanOwO, Mgazul, mart-r, Tim269, raphtaliapt, creatorfromhell, LoneDev6, Steven-OS, confuxeon, ibmibmibm, judgetread, mfnalex, Warriorrrr, PyvesB, yannicklamprecht, ORelio, RMSCA, Starmism, yiwenwang2090, PaulBGD, Nlkomaru, harry0198, Draesia, Localized community members on Crowdin
[17:25:45] [Server thread/INFO]: [QuickShop-Hikari] Original author: Netherfoam, Timtower, KaiNoMood, sandtechnology
[17:25:45] [Server thread/INFO]: [QuickShop-Hikari] Let's start loading the plugin
[17:25:45] [Server thread/INFO]: [QuickShop-Hikari] Setting up ItemExpressionRegistry...
[17:25:45] [Server thread/INFO]: [QuickShop-Hikari] Using Virtual Displays. Attempting to initialize packet factory...
[17:25:45] [Server thread/INFO]: [QuickShop-Hikari] Setting up database...
[17:25:45] [Server thread/INFO]: [QuickShop-Hikari] Create database backup...
[17:25:45] [Server thread/INFO]: [cc.carm.lib.easysql.hikari.HikariDataSource] HikariPool-1 - Starting...
[17:25:45] [BlueMap-Load/INFO]: [BlueMap] Resources loaded.
[17:25:45] [BlueMap-Load/INFO]: [BlueMap] The map 'Blockminer' has no dimension configured.
Assuming world: 'world' and dimension: 'minecraft:overworld'.
[17:25:45] [Server thread/INFO]: [cc.carm.lib.easysql.hikari.HikariDataSource] HikariPool-1 - Start completed.
[17:25:45] [Server thread/INFO]: [QuickShop-Hikari] Checking and updating database columns, it may take a while...
[17:25:45] [Server thread/INFO]: [QuickShop-Hikari] Database upgrade script running... Current Database Version: 19
[17:25:45] [Server thread/INFO]: [QuickShop-Hikari] Finished!
[17:25:45] [Folia Async Scheduler Thread #3/INFO]: [QuickShop-Hikari] Start to caching usernames (async)...
[17:25:45] [Server thread/INFO]: [QuickShop-Hikari] Selected permission provider: Bukkit
[17:25:45] [Server thread/INFO]: [QuickShop-Hikari] Registering commands...
[17:25:45] [Server thread/INFO]: [QuickShop-Hikari] Loaded 1 rules for listener blacklist.
[17:25:45] [Server thread/INFO]: [QuickShop-Hikari] EventManager selected: QSEventManager
[17:25:45] [BlueMap-Load/INFO]: [BlueMap] Initializing Storage: 'file' (Type: 'bluemap:file')
[17:25:45] [BlueMap-Load/INFO]: [BlueMap] Loading map 'world'...
[17:25:45] [Server thread/INFO]: [QuickShop-Hikari] Loading shops from database...
[17:25:45] [Server thread/INFO]: [QuickShop-Hikari] Used 32ms to fetch 202 shops from database.
[17:25:45] [Server thread/INFO]: [QuickShop-Hikari] Loading shops into memory...
[17:25:45] [BlueMap-Load/INFO]: [BlueMap] The map 'The Nether' has no dimension configured.
Assuming world: 'world_nether' and dimension: 'minecraft:the_nether'.
[17:25:45] [BlueMap-Load/INFO]: [BlueMap] Loading map 'world_nether'...
[17:25:45] [BlueMap-Load/INFO]: [BlueMap] WebServer bound to all network interfaces on port 8100
[17:25:45] [Thread-73/INFO]: [BlueMap] WebServer started.
[17:25:45] [BlueMap-Load/INFO]: [BlueMap] Loaded!
[17:25:45] [Server thread/INFO]: [QuickShop-Hikari] Used 133ms to load 0 shops into memory (202 shops will be loaded after chunks/world loaded).
[17:25:45] [Server thread/INFO]: [QuickShop-Hikari] Registering listeners...
[17:25:45] [Server thread/INFO]: [QuickShop-Hikari] Cleaning MsgUtils...
[17:25:45] [Server thread/INFO]: [QuickShop-Hikari] Cleaning purchase messages from the database that are over a week old...
[17:25:45] [Server thread/INFO]: [QuickShop-Hikari] Log actions is enabled. Actions will be logged in the qs.log file!
[17:25:45] [Server thread/INFO]: [QuickShop-Hikari] [Shop Purger] Purge not enabled!
[17:25:45] [Server thread/INFO]: [PlaceholderAPI] Successfully registered internal expansion: qs [6.2.0.10]
[17:25:45] [Server thread/INFO]: [QuickShop-Hikari] Successfully loaded PlaceHolderAPI support!
[17:25:45] [Server thread/INFO]: [QuickShop-Hikari] [OK] Virtual DisplayItem Support Test
[17:25:45] [Server thread/INFO]: [QuickShop-Hikari/Bootstrap] QuickShop-Hikari - Bootstrap -> All Complete. (565ms)
[17:25:45] [Server thread/INFO]: [CoreProtect] Enabling CoreProtect v23.3
[17:25:46] [Server thread/INFO]: [CoreProtect] CoreProtect has been successfully enabled! 
[17:25:46] [Server thread/INFO]: [CoreProtect] Using SQLite for data storage.
[17:25:46] [Server thread/INFO]: --------------------
[17:25:46] [Server thread/INFO]: [CoreProtect] Enjoy CoreProtect? Join our Discord!
[17:25:46] [Server thread/INFO]: [CoreProtect] Discord: www.coreprotect.net/discord/
[17:25:46] [Server thread/INFO]: --------------------
[17:25:46] [Server thread/INFO]: [floodgate] Enabling floodgate v2.2.4-SNAPSHOT (b118-40d320a)
[17:25:46] [Server thread/INFO]: [BMEssentials] Enabling BMEssentials v3.0
[17:25:46] [Server thread/INFO]: [BMEssentials] 🔐 AES key loaded
[17:25:46] [Server thread/INFO]: 
[17:25:46] [Server thread/INFO]:   ____  __  __ ______
[17:25:46] [Server thread/INFO]:  |  _ \|  \/  |  ____|
[17:25:46] [Server thread/INFO]:  | |_) | \  / | |__
[17:25:46] [Server thread/INFO]:  |  _ <| |\/| |  __|
[17:25:46] [Server thread/INFO]:  | |_) | |  | | |____
[17:25:46] [Server thread/INFO]:  |____/|_|  |_|______|
[17:25:46] [Server thread/INFO]: 
[17:25:46] [Server thread/INFO]:  
[17:25:46] [Server thread/INFO]: [WorldGuard] Registering session handler at.sleazlee.bmessentials.bmefunctions.WalkSpeedFlagHandler
[17:25:46] [Server thread/INFO]:  - Enabled PlayerData Systems
[17:25:46] [Server thread/INFO]: [PlaceholderAPI] Successfully registered internal expansion: bme [3.0]
[17:25:46] [Server thread/INFO]: [PlaceholderAPI] Successfully registered internal expansion: bmeChat [3.0]
[17:25:46] [Server thread/INFO]:  - Enabled Economy Systems
[17:25:46] [Server thread/INFO]:  - Enabled TPShop
[17:25:46] [Server thread/INFO]:  - Enabled Vote Systems
[17:25:46] [Server thread/INFO]:  - Enabled Wild Systems
[17:25:46] [Server thread/INFO]:  - Enabled SimplePortals
[17:25:46] [Server thread/INFO]: [WorldGuard] Registering session handler at.sleazlee.bmessentials.SimplePortals.SimplePortals$SendToWildHandler
[17:25:46] [Server thread/INFO]: [WorldGuard] Registering session handler at.sleazlee.bmessentials.SimplePortals.SimplePortals$HealingSpringsHandler
[17:25:46] [Server thread/INFO]: [WorldGuard] Registering session handler at.sleazlee.bmessentials.SimplePortals.SimplePortals$SendToWarpHandler
[17:25:46] [Server thread/INFO]:  - Enabled Spawn Systems
[17:25:46] [Server thread/WARN]: Scheduler You are running FOLIA
[17:25:46] [Server thread/INFO]:  - Enabled All Common Commands
[17:25:46] [Server thread/INFO]:  - Enabled Virtual Containers System
[17:25:46] [Server thread/INFO]:  - Enabled Combine System
[17:25:46] [Server thread/INFO]:  - Enabled Combinations System
[17:25:46] [Server thread/INFO]:  - Enabled Punishment System
[17:25:46] [Server thread/INFO]:  - Enabled VTell System
[17:25:46] [Server thread/INFO]:  - Enabled Maps
[17:25:46] [Server thread/INFO]:  - Enabled ImageMaps
[17:25:46] [Server thread/INFO]:  - Enabled Donation Systems
[17:25:46] [Server thread/INFO]:  - Enabled the Trophy Systems
[17:25:46] [Server thread/INFO]: [PlaceholderAPI] Successfully registered internal expansion: trophyroom [3.0]
[17:25:46] [Server thread/INFO]:  - Enabled the CommandQueue System
[17:25:46] [Server thread/INFO]:  - Enabled Vot System
[17:25:46] [Server thread/INFO]:  - Enabled the RankUp System
[17:25:46] [Server thread/INFO]:     Discovered 66 Ranks!
[17:25:46] [Server thread/INFO]:  - Enabled the Book Systems
[17:25:46] [Server thread/INFO]:     Discovered 45 Books!
[17:25:46] [Server thread/INFO]:     Discovered 15 Commands!
[17:25:46] [Server thread/INFO]:  - Enabled the Commands System
[17:25:46] [Server thread/INFO]:     Discovered 15 Commands!
[17:25:46] [Server thread/INFO]:  - Enabled the all Purpur feature Systems
[17:25:46] [Server thread/INFO]:  - Enabled Shops System
[17:25:46] [Server thread/INFO]:  - Enabled the AFK System
[17:25:46] [Server thread/INFO]: [PlaceholderAPI] Successfully registered internal expansion: afk [3.0]
[17:25:46] [Server thread/INFO]:  - Fixed the Lands TP System
[17:25:46] [Server thread/INFO]: 
  BMEssentials was successfully Enabled!
 
[17:25:46] [Server thread/INFO]: [Drop2InventoryPlus] Enabling Drop2InventoryPlus-Folia v4.8.0
[17:25:46] [Server thread/INFO]: [Drop2InventoryPlus] Hooked into WorldGuard 7.0.15-SNAPSHOT+65bc657
[17:25:46] [Server thread/INFO]: [Lands] [Integrations] 3rd party plugin hooking into Lands: Drop2InventoryPlus-Folia
[17:25:46] [Server thread/INFO]: [Drop2InventoryPlus] Hooked into Lands 7.17.2
[17:25:46] [Server thread/INFO]: [PlaceholderAPI] Successfully registered internal expansion: drop2inventory [GENERIC]
[17:25:46] [Server thread/INFO]: [Lands] Enabling Lands v7.17.2
[17:25:46] [Server thread/INFO]: [Lands]  _                        _      
[17:25:46] [Server thread/INFO]: [Lands] | |                      | |     
[17:25:46] [Server thread/INFO]: [Lands] | |      __ _  _ __    __| | ___ 
[17:25:46] [Server thread/INFO]: [Lands] | |     / _` || '_ \  / _` |/ __|
[17:25:46] [Server thread/INFO]: [Lands] | |____| (_| || | | || (_| |\__ \
[17:25:46] [Server thread/INFO]: [Lands] \_____/ \__,_||_| |_| \__,_||___/
[17:25:46] [Server thread/INFO]: [Lands] Version: 7.17.2 Previous: 7.17.2
[17:25:46] [Server thread/INFO]: [Lands] Server: 1.21.8 running Folia
[17:25:46] [Server thread/INFO]: [Lands] Licensed to: 6650
[17:25:46] [Server thread/INFO]: [Lands] Experiencing issues or having questions? Join our Discord!
[17:25:46] [Server thread/INFO]: [Lands] Discord: https://discord.incredibleplugins.com
[17:25:46] [Server thread/INFO]: [Lands] Wiki: https://wiki.incredibleplugins.com/lands
[17:25:46] [Server thread/INFO]: [Lands]  
[17:25:46] [Server thread/INFO]: [Lands] Performing initial data load.
[17:25:47] [Server thread/INFO]: [Lands] There are currently 47 created land(s).
[17:25:47] [Server thread/INFO]: [Lands] Initial data load took 112 ms.
[17:25:47] [Server thread/INFO]: [Chunky] Enabling Chunky v1.4.40
[17:25:47] [Server thread/INFO]: [DiscordSRV] Enabling DiscordSRV v1.30.1
[17:25:47] [Server thread/INFO]: [ViaBackwards] Enabling ViaBackwards v5.4.3-SNAPSHOT
[17:25:47] [Server thread/INFO]: [BestTools] Enabling BestTools-Folia v2.3.0
[17:25:47] [Server thread/INFO]: [PlaceholderAPI] Successfully registered internal expansion: besttools [2.3.0]
[17:25:47] [Server thread/INFO]: [TAB-Bridge] Enabling TAB-Bridge v6.1.5
[17:25:47] [Server thread/INFO]: [PlaceholderAPI] Successfully registered internal expansion: tab [6.1.5]
[17:25:47] [Server thread/INFO]: [SeeMore] Enabling SeeMore v1.0.2
[17:25:47] [Server thread/INFO]: [AutoTreeChop] Enabling AutoTreeChop v1.6.3-SNAPSHOT
[17:25:47] [Server thread/INFO]: [PlaceholderAPI] Successfully registered internal expansion: autotreechop [1.6.3-SNAPSHOT]
[17:25:47] [Server thread/INFO]: [AutoTreeChop] PlaceholderAPI expansion for AutoTreeChop has been registered.
[17:25:47] [Server thread/INFO]: [Lands] [Integrations] 3rd party plugin hooking into Lands: AutoTreeChop
[17:25:47] [Server thread/INFO]: [AutoTreeChop] Lands support enabled
[17:25:47] [Server thread/INFO]: [AutoTreeChop] mcMMO support enabled
[17:25:47] [Server thread/INFO]: [AutoTreeChop] CoreProtect support enabled
[17:25:47] [Server thread/INFO]: [AutoTreeChop] WorldGuard support enabled
[17:25:47] [Server thread/INFO]: [HeadDrop] Enabling HeadDrop v5.4.5
[17:25:47] [Server thread/INFO]: [HeadDrop] [HeadDrop] 
==============================
[17:25:47] [Server thread/INFO]: [HeadDrop] [HeadDrop]     HeadDrop Plugin v5.4.5
[17:25:47] [Server thread/INFO]: [HeadDrop] [HeadDrop] ==============================

[17:25:47] [Server thread/INFO]: [PlaceholderAPI] Successfully registered internal expansion: headdrop [1.0]
[17:25:47] [Server thread/INFO]: [HeadDrop] [HeadDrop] Hooked into PlaceholderAPI!
[17:25:47] [Server thread/INFO]: [HeadDrop] [HeadDrop] Enabled successfully!
[17:25:47] [Server thread/INFO]: [SafariNet] Enabling SafariNet v1.16.28-SNAPSHOT
[17:25:47] [Server thread/INFO]: [SafariNet] Using v1_21_R5
[17:25:47] [Server thread/INFO]: [SafariNet] [SafariNet] WorldGuard found and using it.
[17:25:47] [Server thread/INFO]: [SafariNet] [SafariNet] Lands found and using it.
[17:25:47] [Server thread/INFO]: [ChestSort] Enabling ChestSort-Folia v14.2.0
[17:25:47] [Server thread/INFO]: [ChestSort] Hooked into WorldGuard 7.0.15-SNAPSHOT+65bc657
[17:25:47] [Server thread/INFO]: [Lands] [Integrations] 3rd party plugin hooking into Lands: ChestSort-Folia
[17:25:47] [Server thread/INFO]: [ChestSort] Hooked into Lands 7.17.2
[17:25:47] [Server thread/INFO]: [PlaceholderAPI] Successfully registered internal expansion: chestsort [14.2.0]
[17:25:47] [Server thread/INFO]: [ChunkyBorder] Enabling ChunkyBorder v1.2.23
[17:25:47] [Server thread/INFO]: [ItemEdit] Enabling ItemEdit v3.7.4
[17:25:47] [Server thread/INFO]: [ItemEdit] Hooking into MiniMessageAPI see https://webui.advntr.dev/
[17:25:47] [Server thread/INFO]: [ItemEdit] Selected Storage Type: YAML
[17:25:47] [Server thread/INFO]: [ItemEdit] Hooking into Vault
[17:25:47] [Server thread/INFO]: [ItemEdit] Hooking into PlaceHolderAPI
[17:25:47] [Server thread/INFO]: [ItemEdit] placeholders:
[17:25:47] [Server thread/INFO]: [ItemEdit]   %itemedit_amount_<{itemid}>_[{slot}]_[{player}]%
[17:25:47] [Server thread/INFO]: [ItemEdit]     shows how many itemid player has on slot
[17:25:47] [Server thread/INFO]: [ItemEdit]     <{itemid}> for item id on serveritem
[17:25:47] [Server thread/INFO]: [ItemEdit]     [{slot}] for the slot where the item should be counted, by default inventory
[17:25:47] [Server thread/INFO]: [ItemEdit]       Values: inventory (include offhand), equip (include offhand), inventoryandequip (include offhand), hand, offhand, head, chest, legs, feet
[17:25:47] [Server thread/INFO]: [ItemEdit]     [{player}] for the player, by default self
[17:25:47] [Server thread/INFO]: [ItemEdit]     example: %itemedit_amount_{my_item_id}_{hand}%
[17:25:47] [Server thread/INFO]: [PlaceholderAPI] Successfully registered internal expansion: itemedit [1.0]
[17:25:47] [Server thread/INFO]: [ItemEdit] # Enabled (took 126 ms)
[17:25:47] [Server thread/INFO]: [ChatControl] Enabling ChatControl v11.5.4
[17:25:47] [Server thread/INFO]: [ChatControl]  ____ _  _ ____ ___ ____ ____ _  _ ___ ____ ____ _     
[17:25:47] [Server thread/INFO]: [ChatControl]  |    |__| |__|  |  |    |  | |\ |  |  |__/ |  | |    
[17:25:47] [Server thread/INFO]: [ChatControl]  |___ |  | |  |  |  |___ |__| | \|  |  |  \ |__| |___
[17:25:47] [pool-58-thread-1/INFO]: [DiscordSRV] DiscordSRV is up-to-date. (1cc66c00dd0d091057d8a04adf1cc0714d8391ad)
[17:25:47] [DiscordSRV - Initialization/INFO]: [DiscordSRV] [JDA] Login Successful!
[17:25:48] [Server thread/INFO]: [Lands] [Integrations] 3rd party plugin hooking into Lands: ChatControl
[17:25:48] [Server thread/INFO]: [PlaceholderAPI] Successfully registered internal expansion: chatcontrol [11.5.4]
[17:25:48] [Server thread/INFO]: [ChatControl] Warning: Auto mode is not supported on Folia.
[17:25:48] [Server thread/INFO]:   
[17:25:48] [Server thread/INFO]: [ChatControl] Connecting to remote mysql database...
[17:25:48] [JDA MainWS-ReadThread/INFO]: [DiscordSRV] [JDA] Connected to WebSocket
[17:25:48] [Server thread/INFO]: [ChatControl] Note: Hooked into mcMMO to spy channels
[17:25:48] [Server thread/INFO]: [DiscordSRV] API listener org.mineacademy.chatcontrol.lib.model.DiscordListener$DiscordListenerImpl unsubscribed
[17:25:48] [Server thread/INFO]: [DiscordSRV] API listener org.mineacademy.chatcontrol.lib.model.DiscordListener$DiscordListenerImpl subscribed (3 methods)
[17:25:48] [Server thread/INFO]: [GSit] Enabling GSit v2.4.3
[17:25:48] [Server thread/INFO]: [PlaceholderAPI] Successfully registered internal expansion: gsit [2.4.3]
[17:25:48] [Server thread/INFO]: [WorldGuard] Registering session handler dev.geco.gsit.link.worldguard.RegionFlagHandler
[17:25:48] [Server thread/INFO]: [GSit] The plugin was successfully enabled.
[17:25:48] [Server thread/INFO]: [GSit] Link with PlaceholderAPI successful!
[17:25:48] [Server thread/INFO]: [GSit] Link with WorldGuard successful!
[17:25:48] [Server thread/INFO]: [NoteBlockAPI] Enabling NoteBlockAPI v1.6.4-SNAPSHOT
[17:25:48] [Server thread/INFO]: Scheduler detected Folia environment. Using Folia schedulers.
[17:25:48] [Server thread/INFO]: [GrimAC] Enabling GrimAC v2.3.72-0d40a93a8
[17:25:48] [Server thread/INFO]: [GrimAC] Registering packets...
[17:25:48] [Server thread/INFO]: [GrimAC] Registering tick schedulers...
[17:25:48] [Server thread/INFO]: Grim Version: 2.3.72-0d40a93a8
[17:25:48] [Server thread/WARN]: [GrimAC] GrimAC has detected that you have installed ViaBackwards on a 1.21.2+ server.
[17:25:48] [Server thread/WARN]: [GrimAC] This setup is currently unsupported and you will experience issues with older clients using vehicles.
[17:25:48] [Server thread/INFO]: [GrimAC] Registering singular bukkit event... (PistonEvent)
[17:25:48] [Server thread/INFO]: [PlaceholderAPI] Successfully registered internal expansion: grim [2.3.72-0d40a93a8]
[17:25:49] [Server thread/INFO]: [spark] The spark plugin has been preferred but was not loaded. The bundled spark profiler will enabled instead.
[17:25:49] [Server thread/INFO]: [spark] The spark profiler will not be enabled because it is currently disabled in the configuration.
[17:25:49] [Server thread/INFO]: [PlaceholderAPI] Placeholder expansion registration initializing...
[17:25:49] [Server thread/INFO]: Done preparing level "world" (5.179s)
[17:25:49] [Server thread/INFO]: [Chunky] No tasks to continue.
[17:25:49] [Server thread/INFO]: [ViaVersion] ViaVersion detected server version: 1.21.7-1.21.8 (772)
[17:25:49] [Via Async Scheduler 0/INFO]: [ViaVersion] Finished mapping loading, shutting down loader executor.
[17:25:49] [Server thread/INFO]: Done (22.051s)! For help, type "help"
[17:25:49] [Region Scheduler Thread #0/INFO]: Initialising world 'world' before it can be ticked...
[17:25:49] [Region Scheduler Thread #2/INFO]: [QuickShop-Hikari] Using economy system: BMSEconomy
[17:25:49] [Region Scheduler Thread #2/INFO]: [QuickShop-Hikari] Selected economy bridge: BuiltIn-Economy Processor
[17:25:49] [Region Scheduler Thread #2/INFO]: [CoreProtect] WorldEdit logging successfully initialized.
[17:25:49] [Region Scheduler Thread #2/INFO]: [Lands] [Integrations] Successfully integrated PlaceholderAPI for parsing placeholders from 3rd party plugins in chat messages and GUI menus
[17:25:49] [Region Scheduler Thread #2/INFO]: [Lands] [Integrations] Successfully integrated LuckPerms for offline permission lookups.
[17:25:49] [Folia Async Scheduler Thread #15/INFO]: New GrimAC version found! Version 2.3.72-12e79a1 is available to be downloaded here: https://modrinth.com/plugin/grimac
[17:25:49] [Region Scheduler Thread #2/INFO]: [Lands] [Integrations] Integrated Bedrock GUI forms for Bedrock players.
[17:25:49] [Region Scheduler Thread #2/INFO]: [Lands] Added region provider: WorldGuard Type: SERVER
[17:25:49] [Region Scheduler Thread #2/INFO]: [Lands] [Integrations] Successfully integrated Vault economy into economy system. Name: BMSEconomy-Legacy
[17:25:49] [Region Scheduler Thread #2/INFO]: [PlaceholderAPI] Successfully registered internal expansion: lands [7.17.2]
[17:25:49] [Region Scheduler Thread #2/INFO]: [Lands] [Integrations] Successfully registered placeholders at PlaceholderAPI. More info: https://wiki.incredibleplugins.com/lands/configuration/placeholderapi-placeholders
[17:25:49] [Region Scheduler Thread #2/INFO]: [Lands] BlueMap is ready now.
[17:25:49] [Region Scheduler Thread #2/INFO]: [Lands] [Integrations] Successfully integrated BlueMap into web-map system.
[17:25:49] [Region Scheduler Thread #2/INFO]: [Lands] [Integrations] Successfully integrated WorldEdit. Bypass: lands.bypass.worldedit Wilderness-Bypass: lands.bypass.wilderness.worldedit
[17:25:49] [Region Scheduler Thread #2/INFO]: [Lands] [Integrations] Successfully loaded LuckPerms contexts. More information: https://wiki.incredibleplugins.com/lands/permissions/luckperms-context
[17:25:49] [Via Async Task 1/WARN]: [ViaVersion] There is a newer plugin version available: 5.5.0, you're on: 5.5.0-SNAPSHOT
[17:25:49] [Region Scheduler Thread #0/INFO]: Initialised world 'world'
[17:25:49] [Region Scheduler Thread #3/INFO]: Initialising world 'world_nether' before it can be ticked...
[17:25:49] [Region Scheduler Thread #3/INFO]: Initialised world 'world_nether'
[17:25:49] [Region Scheduler Thread #1/INFO]: Initialising world 'world_the_end' before it can be ticked...
[17:25:49] [Region Scheduler Thread #1/INFO]: Initialised world 'world_the_end'
[17:25:49] [Region Scheduler Thread #2/INFO]: [PlaceholderAPI] Successfully registered external expansion: parseother [2.0.0]
[17:25:49] [Region Scheduler Thread #2/INFO]: [PlaceholderAPI] Successfully registered external expansion: luckperms [5.4-R2]
[17:25:49] [Region Scheduler Thread #2/INFO]: [PlaceholderAPI] Successfully registered external expansion: vault [1.8.3]
[17:25:49] [Region Scheduler Thread #2/INFO]: [PlaceholderAPI] Successfully registered external expansion: player [2.0.8]
[17:25:49] [Region Scheduler Thread #2/INFO]: [PlaceholderAPI] Successfully registered external expansion: random [1.0.0]
[17:25:49] [Region Scheduler Thread #2/INFO]: [PlaceholderAPI] Successfully registered external expansion: math [2.0.2]
[17:25:49] [Region Scheduler Thread #2/INFO]: [PlaceholderAPI] Successfully registered external expansion: rng [1.4.0]
[17:25:49] [Region Scheduler Thread #2/INFO]: [PlaceholderAPI] Successfully registered external expansion: progress [2.1]
[17:25:49] [Region Scheduler Thread #2/INFO]: [PlaceholderAPI] Successfully registered external expansion: server [2.7.3]
[17:25:49] [Region Scheduler Thread #2/INFO]: [PlaceholderAPI] Successfully registered external expansion: statistic [2.0.2]
[17:25:49] [Region Scheduler Thread #2/INFO]: 10 placeholder hook(s) registered!
[17:25:49] [JDA MainWS-ReadThread/INFO]: [DiscordSRV] [JDA] Finished Loading!
[17:25:49] [DiscordSRV - Initialization/INFO]: [DiscordSRV] Console channel ID was invalid, not forwarding console output
[17:25:49] [Folia Async Scheduler Thread #15/INFO]: [HuskHomes] Registered 'after_load' hooks
[17:25:49] [DiscordSRV - Initialization/INFO]: [DiscordSRV] Enabling LuckPerms hook
[17:25:49] [DiscordSRV - Initialization/INFO]: [DiscordSRV] Enabling PlaceholderAPI hook
[17:25:49] [Region Scheduler Thread #2/INFO]: [PlaceholderAPI] Successfully registered internal expansion: discordsrv [1.30.1]
[17:25:49] [DiscordSRV - JDA Callback 0/INFO]: [DiscordSRV] Cleared all pre-existing slash commands in 1/1 guilds (0 cancelled)
[17:25:54] [ForkJoinPool.commonPool-worker-7/INFO]: [Lands] There is a new version available: 7.17.3
